<?xml version="1.0" encoding="UTF-8"?>
<testsuite name="com.hgy.repository.impl.BaseDAOImplTest" tests="1" skipped="0" failures="0" errors="0" timestamp="2019-02-11T13:19:42" hostname="192.168.1.10" time="0.0">
  <properties/>
  <testcase name="test" classname="com.hgy.repository.impl.BaseDAOImplTest" time="0.0"/>
  <system-out><![CDATA[]]></system-out>
  <system-err><![CDATA[]]></system-err>
</testsuite>
